\BOOKMARK [1][-]{section.1}{\376\377\133\236\232\214\211\201\154\102}{}% 1
\BOOKMARK [1][-]{section.2}{\376\377\133\236\232\214\163\257\130\203}{}% 2
\BOOKMARK [1][-]{section.3}{\376\377\133\236\232\214\123\237\164\006}{}% 3
\BOOKMARK [1][-]{section.4}{\376\377\133\236\232\214\176\323\147\234\134\125\171\072}{}% 4
\BOOKMARK [1][-]{section.5}{\376\377\147\000\176\310\142\020\122\237\166\204\133\236\232\214\217\307\172\013}{}% 5
\BOOKMARK [2][-]{subsection.5.1}{\376\377\164\006\156\005\155\101\172\013\124\214\140\035\215\357}{section.5}% 6
\BOOKMARK [2][-]{subsection.5.2}{\376\377\173\200\123\026\000P\000A\0004\166\204\116\343\170\001\377\014\226\062\153\142\147\054\153\041\133\236\232\214\0005\0001\0002\133\127\202\202\116\015\131\037\165\050}{section.5}% 7
\BOOKMARK [2][-]{subsection.5.3}{\376\377\130\236\122\240\000f\000o\000r\000k\116\055\145\255}{section.5}% 8
\BOOKMARK [2][-]{subsection.5.4}{\376\377\117\356\145\071\000s\000l\000e\000e\000p\000\137\000h\000a\000n\000d\000l\000e\000r}{section.5}% 9
\BOOKMARK [2][-]{subsection.5.5}{\376\377\117\356\145\071\000c\000l\000o\000c\000k\000\137\000h\000a\000n\000d\000l\000e\000r}{section.5}% 10
\BOOKMARK [2][-]{subsection.5.6}{\376\377\121\231\121\145\170\301\166\330\377\014\147\345\167\013\217\320\210\114\145\110\147\234}{section.5}% 11
\BOOKMARK [2][-]{subsection.5.7}{\376\377\217\333\210\114\116\000\116\233\117\030\123\026}{section.5}% 12
\BOOKMARK [3][-]{subsubsection.5.7.1}{\376\377\117\030\123\026\147\141\116\366\215\363\217\154\213\355\123\345}{subsection.5.7}% 13
\BOOKMARK [3][-]{subsubsection.5.7.2}{\376\377\117\030\123\026\145\164\116\052\116\343\170\001\176\323\147\204}{subsection.5.7}% 14
\BOOKMARK [1][-]{section.6}{\376\377\124\004\171\315\134\035\213\325\060\001\131\061\215\045\060\001\000d\000e\000b\000u\000g\217\307\172\013}{}% 15
\BOOKMARK [2][-]{subsection.6.1}{\376\377\000\040\000s\000h\000o\000r\000t\000\040\000o\000r\000\040\000i\000n\000t\040\024\040\024\0001\0006\117\115\124\214\0003\0002\117\115\116\343\170\001\154\241\147\011\154\350\141\017\123\072\122\006\000!}{section.6}% 16
\BOOKMARK [2][-]{subsection.6.2}{\376\377\000\040\131\313\176\310\146\057\162\066\217\333\172\013\127\050\217\320\210\114\377\001}{section.6}% 17
\BOOKMARK [2][-]{subsection.6.3}{\376\377\000\040\000f\000o\000r\000k\000\050\000\051\116\055\131\015\122\066\145\160\143\156\124\016\137\330\116\206\121\215\122\035\131\313\123\026\150\010\377\001}{section.6}% 18
\BOOKMARK [2][-]{subsection.6.4}{\376\377\000\040\215\205\133\127\202\202\215\205\133\127\202\202\215\205\133\127\202\202\377\001}{section.6}% 19
\BOOKMARK [2][-]{subsection.6.5}{\376\377\000\040\137\330\116\206\000i\000r\000e\000t\377\001}{section.6}% 20
\BOOKMARK [2][-]{subsection.6.6}{\376\377\000\040\121\166\116\326\134\035\213\325\377\032\116\015\165\050\145\160\143\156\153\265\000c\000u\000r\000r\000e\000n\000t\000\137\000s\000t\000a\000t\000e\120\250\133\130\162\266\140\001\200\375\116\015\200\375\133\236\163\260}{section.6}% 21
\BOOKMARK [2][-]{subsection.6.7}{\376\377\000\040\121\166\116\326\225\356\230\230}{section.6}% 22
\BOOKMARK [1][-]{section.7}{\376\377\145\260\130\236\211\201\154\102\377\032\122\051\165\050\153\265\127\060\127\100\133\236\163\260}{}% 23
\BOOKMARK [2][-]{subsection.7.1}{\376\377\000\040\121\317\134\021\133\127\202\202}{section.7}% 24
\BOOKMARK [2][-]{subsection.7.2}{\376\377\000\040\000f\000o\000r\000k\133\236\163\260\142\020\134\006\145\160\143\156\131\015\122\066\122\060\123\346\116\000\116\052\153\265\127\060\127\100\116\012}{section.7}% 25
\BOOKMARK [2][-]{subsection.7.3}{\376\377\000\040\173\200\211\201\117\356\145\071\121\205\150\070\116\343\170\001}{section.7}% 26
\BOOKMARK [2][-]{subsection.7.4}{\376\377\000\040\145\260\130\236\220\350\122\006\140\073\176\323}{section.7}% 27
\BOOKMARK [1][-]{section.8}{\376\377\140\073\176\323\116\016\123\315\140\035}{}% 28
\BOOKMARK [1][-]{section.9}{\376\377\121\166\133\203\123\302\200\003\145\207\163\056}{}% 29
