\BOOKMARK [1][-]{section.1}{\376\377\133\236\232\214\211\201\154\102}{}% 1
\BOOKMARK [1][-]{section.2}{\376\377\133\236\232\214\163\257\130\203}{}% 2
\BOOKMARK [1][-]{section.3}{\376\377\133\236\232\214\123\237\164\006}{}% 3
\BOOKMARK [1][-]{section.4}{\376\377\133\236\232\214\176\323\147\234\134\125\171\072}{}% 4
\BOOKMARK [1][-]{section.5}{\376\377\147\000\176\310\142\020\122\237\166\204\133\236\232\214\217\307\172\013}{}% 5
\BOOKMARK [2][-]{subsection.5.1}{\376\377\221\115\177\156\163\257\130\203}{section.5}% 6
\BOOKMARK [2][-]{subsection.5.2}{\376\377\142\123\220\032\121\205\150\070\060\001\214\003\165\050\143\245\123\343\060\001\000a\000p\000p\377\014\173\200\123\125\133\236\163\260\000w\000r\000i\000t\000e}{section.5}% 7
\BOOKMARK [3][-]{subsubsection.5.2.1}{\376\377\170\156\133\232\116\343\170\001\150\106\147\266}{subsection.5.2}% 8
\BOOKMARK [3][-]{subsubsection.5.2.2}{\376\377\177\026\121\231\000m\000y\000o\000s\000.\000h\124\214\000m\000a\000i\000n\000.\000c}{subsection.5.2}% 9
\BOOKMARK [3][-]{subsubsection.5.2.3}{\376\377\177\026\121\231\000a\000p\000i}{subsection.5.2}% 10
\BOOKMARK [3][-]{subsubsection.5.2.4}{\376\377\177\026\121\231\000k\000e\000r\000n\000e\000l}{subsection.5.2}% 11
\BOOKMARK [3][-]{subsubsection.5.2.5}{\376\377\177\026\121\231\000m\000a\000k\000e\000f\000i\000l\000e}{subsection.5.2}% 12
\BOOKMARK [2][-]{subsection.5.3}{\376\377\133\236\163\260\000s\000l\000e\000e\000p}{section.5}% 13
\BOOKMARK [3][-]{subsubsection.5.3.1}{\376\377\000s\000l\000e\000e\000p\145\366\225\177\166\204\143\247\122\066}{subsection.5.3}% 14
\BOOKMARK [3][-]{subsubsection.5.3.2}{\376\377\217\333\172\013\166\204\122\007\143\142}{subsection.5.3}% 15
\BOOKMARK [2][-]{subsection.5.4}{\376\377\121\231\121\145\170\301\166\330\377\014\147\345\167\013\217\320\210\114\145\110\147\234}{section.5}% 16
\BOOKMARK [2][-]{subsection.5.5}{\376\377\217\333\210\114\116\000\116\233\117\030\123\026}{section.5}% 17
\BOOKMARK [3][-]{subsubsection.5.5.1}{\376\377\133\236\163\260\143\142\210\114}{subsection.5.5}% 18
\BOOKMARK [3][-]{subsubsection.5.5.2}{\376\377\117\030\123\026\000m\000a\000k\000e\000f\000i\000l\000e\145\207\116\366}{subsection.5.5}% 19
\BOOKMARK [1][-]{section.6}{\376\377\124\004\171\315\134\035\213\325\060\001\131\061\215\045\060\001\000d\000e\000b\000u\000g\217\307\172\013}{}% 20
\BOOKMARK [2][-]{subsection.6.1}{\376\377\000m\000a\000k\000e\000f\000i\000l\000e\131\061\215\045\377\001}{section.6}% 21
\BOOKMARK [2][-]{subsection.6.2}{\376\377\224\376\143\245\131\061\215\045\377\001}{section.6}% 22
\BOOKMARK [2][-]{subsection.6.3}{\376\377\121\163\116\216\142\123\123\160\143\142\210\114\166\204\225\356\230\230}{section.6}% 23
\BOOKMARK [2][-]{subsection.6.4}{\376\377\121\163\116\216\142\123\123\160\133\127\173\046\166\204\225\356\230\230}{section.6}% 24
\BOOKMARK [2][-]{subsection.6.5}{\376\377\145\366\224\237\116\055\145\255\120\134\153\142\116\206\377\001}{section.6}% 25
\BOOKMARK [2][-]{subsection.6.6}{\376\377\142\123\123\160\122\060\0001\0006\116\052\135\346\123\363\000h\000e\000l\000l\000o\134\061\121\372\000b\000u\000g\377\001}{section.6}% 26
\BOOKMARK [2][-]{subsection.6.7}{\376\377\116\055\145\255\117\177\165\050\0001\000c\000h\116\015\210\114\0008\000h\123\357\116\345}{section.6}% 27
\BOOKMARK [2][-]{subsection.6.8}{\376\377\121\166\116\326\134\035\213\325\377\032\122\051\165\050\000j\000m\000p\122\007\143\142\217\333\172\013}{section.6}% 28
\BOOKMARK [2][-]{subsection.6.9}{\376\377\121\166\116\326\225\356\230\230}{section.6}% 29
\BOOKMARK [1][-]{section.7}{\376\377\140\073\176\323\116\016\123\315\140\035}{}% 30
\BOOKMARK [1][-]{section.8}{\376\377\121\166\133\203\123\302\200\003\145\207\163\056\124\214\201\364\214\042}{}% 31
